# JRE version: Java(TM) SE Runtime Environment (9.0+11) (build 9.0.4+11)
# Java VM: Java HotSpot(TM) 64-Bit Server VM (9.0.4+11, mixed mode, tiered, compressed oops, g1 gc, windows-amd64)
Heap:
 garbage-first heap   total 161792K, used 92620K [0x0000000700000000, 0x00000007001004f0, 0x00000007c0000000)
  region size 1024K, 32 young (32768K), 3 survivors (3072K)
 Metaspace       used 71499K, capacity 76417K, committed 76592K, reserved 1116160K
  class space    used 9841K, capacity 10721K, committed 10800K, reserved 1048576K
GC Heap History (10 events):
Event: 525.588 GC heap before
{Heap before GC invocations=46 (full 2):
 garbage-first heap   total 161792K, used 122558K [0x0000000700000000, 0x00000007001004f0, 0x00000007c0000000)
  region size 1024K, 60 young (61440K), 2 survivors (2048K)
 Metaspace       used 70908K, capacity 75699K, committed 75952K, reserved 1114112K
  class space    used 9762K, capacity 10610K, committed 10672K, reserved 1048576K
}
Event: 525.591 GC heap after
{Heap after GC invocations=47 (full 2):
 garbage-first heap   total 161792K, used 63411K [0x0000000700000000, 0x00000007001004f0, 0x00000007c0000000)
  region size 1024K, 2 young (2048K), 2 survivors (2048K)
 Metaspace       used 70908K, capacity 75699K, committed 75952K, reserved 1114112K
  class space    used 9762K, capacity 10610K, committed 10672K, reserved 1048576K
}
Event: 528.561 GC heap before
{Heap before GC invocations=47 (full 2):
 garbage-first heap   total 161792K, used 122803K [0x0000000700000000, 0x00000007001004f0, 0x00000007c0000000)
  region size 1024K, 60 young (61440K), 2 survivors (2048K)
 Metaspace       used 71369K, capacity 76225K, committed 76336K, reserved 1114112K
  class space    used 9840K, capacity 10721K, committed 10800K, reserved 1048576K
}
Event: 528.565 GC heap after
{Heap after GC invocations=48 (full 2):
 garbage-first heap   total 161792K, used 63979K [0x0000000700000000, 0x00000007001004f0, 0x00000007c0000000)
  region size 1024K, 3 young (3072K), 3 survivors (3072K)
 Metaspace       used 71369K, capacity 76225K, committed 76336K, reserved 1114112K
  class space    used 9840K, capacity 10721K, committed 10800K, reserved 1048576K
}
Event: 580.205 GC heap before
{Heap before GC invocations=48 (full 2):
 garbage-first heap   total 161792K, used 122347K [0x0000000700000000, 0x00000007001004f0, 0x00000007c0000000)
  region size 1024K, 60 young (61440K), 3 survivors (3072K)
 Metaspace       used 71442K, capacity 76289K, committed 76592K, reserved 1116160K
  class space    used 9840K, capacity 10721K, committed 10800K, reserved 1048576K
}
Event: 580.228 GC heap after
{Heap after GC invocations=49 (full 2):
 garbage-first heap   total 161792K, used 63848K [0x0000000700000000, 0x00000007001004f0, 0x00000007c0000000)
  region size 1024K, 3 young (3072K), 3 survivors (3072K)
 Metaspace       used 71442K, capacity 76289K, committed 76592K, reserved 1116160K
  class space    used 9840K, capacity 10721K, committed 10800K, reserved 1048576K
}
Event: 639.245 GC heap before
{Heap before GC invocations=49 (full 2):
 garbage-first heap   total 161792K, used 122216K [0x0000000700000000, 0x00000007001004f0, 0x00000007c0000000)
  region size 1024K, 60 young (61440K), 3 survivors (3072K)
 Metaspace       used 71458K, capacity 76289K, committed 76592K, reserved 1116160K
  class space    used 9840K, capacity 10721K, committed 10800K, reserved 1048576K
}
Event: 639.288 GC heap after
{Heap after GC invocations=50 (full 2):
 garbage-first heap   total 161792K, used 63919K [0x0000000700000000, 0x00000007001004f0, 0x00000007c0000000)
  region size 1024K, 3 young (3072K), 3 survivors (3072K)
 Metaspace       used 71458K, capacity 76289K, committed 76592K, reserved 1116160K
  class space    used 9840K, capacity 10721K, committed 10800K, reserved 1048576K
}
Event: 652.147 GC heap before
{Heap before GC invocations=50 (full 2):
 garbage-first heap   total 161792K, used 122287K [0x0000000700000000, 0x00000007001004f0, 0x00000007c0000000)
  region size 1024K, 60 young (61440K), 3 survivors (3072K)
 Metaspace       used 71491K, capacity 76417K, committed 76592K, reserved 1116160K
  class space    used 9841K, capacity 10721K, committed 10800K, reserved 1048576K
}
Event: 652.192 GC heap after
{Heap after GC invocations=51 (full 2):
 garbage-first heap   total 161792K, used 63948K [0x0000000700000000, 0x00000007001004f0, 0x00000007c0000000)
  region size 1024K, 3 young (3072K), 3 survivors (3072K)
 Metaspace       used 71491K, capacity 76417K, committed 76592K, reserved 1116160K
  class space    used 9841K, capacity 10721K, committed 10800K, reserved 1048576K
}

