# JRE version: Java(TM) SE Runtime Environment (9.0+11) (build 9.0.4+11)
# Java VM: Java HotSpot(TM) 64-Bit Server VM (9.0.4+11, mixed mode, tiered, compressed oops, g1 gc, windows-amd64)
Heap:
 garbage-first heap   total 289792K, used 92047K [0x0000000700000000, 0x00000007001008d8, 0x00000007c0000000)
  region size 1024K, 4 young (4096K), 1 survivors (1024K)
 Metaspace       used 88001K, capacity 90219K, committed 97840K, reserved 1134592K
  class space    used 11500K, capacity 11956K, committed 13616K, reserved 1048576K
GC Heap History (10 events):
Event: 5663.536 GC heap before
{Heap before GC invocations=923 (full 191):
 garbage-first heap   total 289792K, used 160227K [0x0000000700000000, 0x00000007001008d8, 0x00000007c0000000)
  region size 1024K, 60 young (61440K), 2 survivors (2048K)
 Metaspace       used 87940K, capacity 90115K, committed 97840K, reserved 1134592K
  class space    used 11488K, capacity 11934K, committed 13616K, reserved 1048576K
}
Event: 5663.541 GC heap after
{Heap after GC invocations=924 (full 191):
 garbage-first heap   total 289792K, used 101103K [0x0000000700000000, 0x00000007001008d8, 0x00000007c0000000)
  region size 1024K, 2 young (2048K), 2 survivors (2048K)
 Metaspace       used 87940K, capacity 90115K, committed 97840K, reserved 1134592K
  class space    used 11488K, capacity 11934K, committed 13616K, reserved 1048576K
}
Event: 5663.761 GC heap before
{Heap before GC invocations=924 (full 191):
 garbage-first heap   total 289792K, used 122607K [0x0000000700000000, 0x00000007001008d8, 0x00000007c0000000)
  region size 1024K, 24 young (24576K), 2 survivors (2048K)
 Metaspace       used 87940K, capacity 90115K, committed 97840K, reserved 1134592K
  class space    used 11488K, capacity 11934K, committed 13616K, reserved 1048576K
}
Event: 5663.933 GC heap after
{Heap after GC invocations=925 (full 192):
 garbage-first heap   total 289792K, used 89396K [0x0000000700000000, 0x00000007001008d8, 0x00000007c0000000)
  region size 1024K, 0 young (0K), 0 survivors (0K)
 Metaspace       used 87940K, capacity 90115K, committed 97840K, reserved 1134592K
  class space    used 11488K, capacity 11934K, committed 13616K, reserved 1048576K
}
Event: 5672.787 GC heap before
{Heap before GC invocations=925 (full 192):
 garbage-first heap   total 289792K, used 150836K [0x0000000700000000, 0x00000007001008d8, 0x00000007c0000000)
  region size 1024K, 60 young (61440K), 0 survivors (0K)
 Metaspace       used 87955K, capacity 90115K, committed 97840K, reserved 1134592K
  class space    used 11488K, capacity 11934K, committed 13616K, reserved 1048576K
}
Event: 5672.790 GC heap after
{Heap after GC invocations=926 (full 192):
 garbage-first heap   total 289792K, used 90111K [0x0000000700000000, 0x00000007001008d8, 0x00000007c0000000)
  region size 1024K, 1 young (1024K), 1 survivors (1024K)
 Metaspace       used 87955K, capacity 90115K, committed 97840K, reserved 1134592K
  class space    used 11488K, capacity 11934K, committed 13616K, reserved 1048576K
}
Event: 5672.870 GC heap before
{Heap before GC invocations=926 (full 192):
 garbage-first heap   total 289792K, used 97279K [0x0000000700000000, 0x00000007001008d8, 0x00000007c0000000)
  region size 1024K, 6 young (6144K), 1 survivors (1024K)
 Metaspace       used 87955K, capacity 90115K, committed 97840K, reserved 1134592K
  class space    used 11488K, capacity 11934K, committed 13616K, reserved 1048576K
}
Event: 5673.039 GC heap after
{Heap after GC invocations=927 (full 193):
 garbage-first heap   total 289792K, used 89402K [0x0000000700000000, 0x00000007001008d8, 0x00000007c0000000)
  region size 1024K, 0 young (0K), 0 survivors (0K)
 Metaspace       used 87955K, capacity 90115K, committed 97840K, reserved 1134592K
  class space    used 11488K, capacity 11934K, committed 13616K, reserved 1048576K
}
Event: 5673.738 GC heap before
{Heap before GC invocations=927 (full 193):
 garbage-first heap   total 289792K, used 150842K [0x0000000700000000, 0x00000007001008d8, 0x00000007c0000000)
  region size 1024K, 60 young (61440K), 0 survivors (0K)
 Metaspace       used 87956K, capacity 90115K, committed 97840K, reserved 1134592K
  class space    used 11488K, capacity 11934K, committed 13616K, reserved 1048576K
}
Event: 5673.740 GC heap after
{Heap after GC invocations=928 (full 193):
 garbage-first heap   total 289792K, used 89999K [0x0000000700000000, 0x00000007001008d8, 0x00000007c0000000)
  region size 1024K, 1 young (1024K), 1 survivors (1024K)
 Metaspace       used 87956K, capacity 90115K, committed 97840K, reserved 1134592K
  class space    used 11488K, capacity 11934K, committed 13616K, reserved 1048576K
}

